<?xml version="1.0" encoding="UTF-8" ?>
<testsuite tests="4" failures="0" name="Test" time="1.844" errors="4" skipped="0">
    <properties>
[...]
</properties>
    <testcase classname="Test" name="testWrite" time="1.668">
        <error message="Permission denied: user=Administrator, access=WRITE, inode=&quot;/user/centos/hadoop/1.txt&quot;:centos:supergroup:drwxr-xr-x
	at org.apache.hadoop.hdfs.server.namenode.FSPermissionChecker.check(FSPermissionChecker.java:319)
	at org.apache.hadoop.hdfs.server.namenode.FSPermissionChecker.check(FSPermissionChecker.java:292)
	at org.apache.hadoop.hdfs.server.namenode.FSPermissionChecker.checkPermission(FSPermissionChecker.java:213)
	at org.apache.hadoop.hdfs.server.namenode.FSPermissionChecker.checkPermission(FSPermissionChecker.java:190)
	at org.apache.hadoop.hdfs.server.namenode.FSDirectory.checkPermission(FSDirectory.java:1728)
	at org.apache.hadoop.hdfs.server.namenode.FSDirectory.checkPermission(FSDirectory.java:1712)
	at org.apache.hadoop.hdfs.server.namenode.FSDirectory.checkAncestorAccess(FSDirectory.java:1695)
	at org.apache.hadoop.hdfs.server.namenode.FSNamesystem.startFileInternal(FSNamesystem.java:2515)
	at org.apache.hadoop.hdfs.server.namenode.FSNamesystem.startFileInt(FSNamesystem.java:2450)
	at org.apache.hadoop.hdfs.server.namenode.FSNamesystem.startFile(FSNamesystem.java:2334)
	at org.apache.hadoop.hdfs.server.namenode.NameNodeRpcServer.create(NameNodeRpcServer.java:624)
	at org.apache.hadoop.hdfs.protocolPB.ClientNamenodeProtocolServerSideTranslatorPB.create(ClientNamenodeProtocolServerSideTranslatorPB.java:397)
	at org.apache.hadoop.hdfs.protocol.proto.ClientNamenodeProtocolProtos$ClientNamenodeProtocol$2.callBlockingMethod(ClientNamenodeProtocolProtos.java)
	at org.apache.hadoop.ipc.ProtobufRpcEngine$Server$ProtoBufRpcInvoker.call(ProtobufRpcEngine.java:616)
	at org.apache.hadoop.ipc.RPC$Server.call(RPC.java:982)
	at org.apache.hadoop.ipc.Server$Handler$1.run(Server.java:2049)
	at org.apache.hadoop.ipc.Server$Handler$1.run(Server.java:2045)
	at java.security.AccessController.doPrivileged(Native Method)
	at javax.security.auth.Subject.doAs(Subject.java:422)
	at org.apache.hadoop.security.UserGroupInformation.doAs(UserGroupInformation.java:1698)
	at org.apache.hadoop.ipc.Server$Handler.run(Server.java:2043)
" type="org.apache.hadoop.security.AccessControlException">org.apache.hadoop.security.AccessControlException: Permission
            denied: user=Administrator, access=WRITE, inode=&quot;/user/centos/hadoop/1.txt&quot;:centos:supergroup:drwxr-xr-x
            at org.apache.hadoop.hdfs.server.namenode.FSPermissionChecker.check(FSPermissionChecker.java:319)
            at org.apache.hadoop.hdfs.server.namenode.FSPermissionChecker.check(FSPermissionChecker.java:292)
            at org.apache.hadoop.hdfs.server.namenode.FSPermissionChecker.checkPermission(FSPermissionChecker.java:213)
            at org.apache.hadoop.hdfs.server.namenode.FSPermissionChecker.checkPermission(FSPermissionChecker.java:190)
            at org.apache.hadoop.hdfs.server.namenode.FSDirectory.checkPermission(FSDirectory.java:1728)
            at org.apache.hadoop.hdfs.server.namenode.FSDirectory.checkPermission(FSDirectory.java:1712)
            at org.apache.hadoop.hdfs.server.namenode.FSDirectory.checkAncestorAccess(FSDirectory.java:1695)
            at org.apache.hadoop.hdfs.server.namenode.FSNamesystem.startFileInternal(FSNamesystem.java:2515)
            at org.apache.hadoop.hdfs.server.namenode.FSNamesystem.startFileInt(FSNamesystem.java:2450)
            at org.apache.hadoop.hdfs.server.namenode.FSNamesystem.startFile(FSNamesystem.java:2334)
            at org.apache.hadoop.hdfs.server.namenode.NameNodeRpcServer.create(NameNodeRpcServer.java:624)
            at
            org.apache.hadoop.hdfs.protocolPB.ClientNamenodeProtocolServerSideTranslatorPB.create(ClientNamenodeProtocolServerSideTranslatorPB.java:397)
            at
            org.apache.hadoop.hdfs.protocol.proto.ClientNamenodeProtocolProtos$ClientNamenodeProtocol$2.callBlockingMethod(ClientNamenodeProtocolProtos.java)
            at org.apache.hadoop.ipc.ProtobufRpcEngine$Server$ProtoBufRpcInvoker.call(ProtobufRpcEngine.java:616)
            at org.apache.hadoop.ipc.RPC$Server.call(RPC.java:982)
            at org.apache.hadoop.ipc.Server$Handler$1.run(Server.java:2049)
            at org.apache.hadoop.ipc.Server$Handler$1.run(Server.java:2045)
            at java.security.AccessController.doPrivileged(Native Method)
            at javax.security.auth.Subject.doAs(Subject.java:422)
            at org.apache.hadoop.security.UserGroupInformation.doAs(UserGroupInformation.java:1698)
            at org.apache.hadoop.ipc.Server$Handler.run(Server.java:2043)

            at sun.reflect.NativeConstructorAccessorImpl.newInstance0(Native Method)
            at sun.reflect.NativeConstructorAccessorImpl.newInstance(NativeConstructorAccessorImpl.java:62)
            at sun.reflect.DelegatingConstructorAccessorImpl.newInstance(DelegatingConstructorAccessorImpl.java:45)
            at java.lang.reflect.Constructor.newInstance(Constructor.java:423)
            at org.apache.hadoop.ipc.RemoteException.instantiateException(RemoteException.java:106)
            at org.apache.hadoop.ipc.RemoteException.unwrapRemoteException(RemoteException.java:73)
            at org.apache.hadoop.hdfs.DFSOutputStream.newStreamForCreate(DFSOutputStream.java:1653)
            at org.apache.hadoop.hdfs.DFSClient.create(DFSClient.java:1689)
            at org.apache.hadoop.hdfs.DFSClient.create(DFSClient.java:1624)
            at org.apache.hadoop.hdfs.DistributedFileSystem$7.doCall(DistributedFileSystem.java:448)
            at org.apache.hadoop.hdfs.DistributedFileSystem$7.doCall(DistributedFileSystem.java:444)
            at org.apache.hadoop.fs.FileSystemLinkResolver.resolve(FileSystemLinkResolver.java:81)
            at org.apache.hadoop.hdfs.DistributedFileSystem.create(DistributedFileSystem.java:459)
            at org.apache.hadoop.hdfs.DistributedFileSystem.create(DistributedFileSystem.java:387)
            at org.apache.hadoop.fs.FileSystem.create(FileSystem.java:911)
            at org.apache.hadoop.fs.FileSystem.create(FileSystem.java:892)
            at org.apache.hadoop.fs.FileSystem.create(FileSystem.java:789)
            at org.apache.hadoop.fs.FileSystem.create(FileSystem.java:778)
            at Test.testWrite(Test.java:35)
            at sun.reflect.NativeMethodAccessorImpl.invoke0(Native Method)
            at sun.reflect.NativeMethodAccessorImpl.invoke(NativeMethodAccessorImpl.java:62)
            at sun.reflect.DelegatingMethodAccessorImpl.invoke(DelegatingMethodAccessorImpl.java:43)
            at java.lang.reflect.Method.invoke(Method.java:498)
            at org.junit.runners.model.FrameworkMethod$1.runReflectiveCall(FrameworkMethod.java:50)
            at org.junit.internal.runners.model.ReflectiveCallable.run(ReflectiveCallable.java:12)
            at org.junit.runners.model.FrameworkMethod.invokeExplosively(FrameworkMethod.java:47)
            at org.junit.internal.runners.statements.InvokeMethod.evaluate(InvokeMethod.java:17)
            at org.junit.runners.ParentRunner.runLeaf(ParentRunner.java:325)
            at org.junit.runners.BlockJUnit4ClassRunner.runChild(BlockJUnit4ClassRunner.java:78)
            at org.junit.runners.BlockJUnit4ClassRunner.runChild(BlockJUnit4ClassRunner.java:57)
            at org.junit.runners.ParentRunner$3.run(ParentRunner.java:290)
            at org.junit.runners.ParentRunner$1.schedule(ParentRunner.java:71)
            at org.junit.runners.ParentRunner.runChildren(ParentRunner.java:288)
            at org.junit.runners.ParentRunner.access$000(ParentRunner.java:58)
            at org.junit.runners.ParentRunner$2.evaluate(ParentRunner.java:268)
            at org.junit.runners.ParentRunner.run(ParentRunner.java:363)
            at org.apache.maven.surefire.junit4.JUnit4Provider.execute(JUnit4Provider.java:252)
            at org.apache.maven.surefire.junit4.JUnit4Provider.executeTestSet(JUnit4Provider.java:141)
            at org.apache.maven.surefire.junit4.JUnit4Provider.invoke(JUnit4Provider.java:112)
            at sun.reflect.NativeMethodAccessorImpl.invoke0(Native Method)
            at sun.reflect.NativeMethodAccessorImpl.invoke(NativeMethodAccessorImpl.java:62)
            at sun.reflect.DelegatingMethodAccessorImpl.invoke(DelegatingMethodAccessorImpl.java:43)
            at java.lang.reflect.Method.invoke(Method.java:498)
            at org.apache.maven.surefire.util.ReflectionUtils.invokeMethodWithArray(ReflectionUtils.java:189)
            at org.apache.maven.surefire.booter.ProviderFactory$ProviderProxy.invoke(ProviderFactory.java:165)
            at org.apache.maven.surefire.booter.ProviderFactory.invokeProvider(ProviderFactory.java:85)
            at org.apache.maven.surefire.booter.ForkedBooter.runSuitesInProcess(ForkedBooter.java:115)
            at org.apache.maven.surefire.booter.ForkedBooter.main(ForkedBooter.java:75)
            Caused by: org.apache.hadoop.ipc.RemoteException(org.apache.hadoop.security.AccessControlException):
            Permission denied: user=Administrator, access=WRITE, inode=&quot;/user/centos/hadoop/1.txt&quot;:centos:supergroup:drwxr-xr-x
            at org.apache.hadoop.hdfs.server.namenode.FSPermissionChecker.check(FSPermissionChecker.java:319)
            at org.apache.hadoop.hdfs.server.namenode.FSPermissionChecker.check(FSPermissionChecker.java:292)
            at org.apache.hadoop.hdfs.server.namenode.FSPermissionChecker.checkPermission(FSPermissionChecker.java:213)
            at org.apache.hadoop.hdfs.server.namenode.FSPermissionChecker.checkPermission(FSPermissionChecker.java:190)
            at org.apache.hadoop.hdfs.server.namenode.FSDirectory.checkPermission(FSDirectory.java:1728)
            at org.apache.hadoop.hdfs.server.namenode.FSDirectory.checkPermission(FSDirectory.java:1712)
            at org.apache.hadoop.hdfs.server.namenode.FSDirectory.checkAncestorAccess(FSDirectory.java:1695)
            at org.apache.hadoop.hdfs.server.namenode.FSNamesystem.startFileInternal(FSNamesystem.java:2515)
            at org.apache.hadoop.hdfs.server.namenode.FSNamesystem.startFileInt(FSNamesystem.java:2450)
            at org.apache.hadoop.hdfs.server.namenode.FSNamesystem.startFile(FSNamesystem.java:2334)
            at org.apache.hadoop.hdfs.server.namenode.NameNodeRpcServer.create(NameNodeRpcServer.java:624)
            at
            org.apache.hadoop.hdfs.protocolPB.ClientNamenodeProtocolServerSideTranslatorPB.create(ClientNamenodeProtocolServerSideTranslatorPB.java:397)
            at
            org.apache.hadoop.hdfs.protocol.proto.ClientNamenodeProtocolProtos$ClientNamenodeProtocol$2.callBlockingMethod(ClientNamenodeProtocolProtos.java)
            at org.apache.hadoop.ipc.ProtobufRpcEngine$Server$ProtoBufRpcInvoker.call(ProtobufRpcEngine.java:616)
            at org.apache.hadoop.ipc.RPC$Server.call(RPC.java:982)
            at org.apache.hadoop.ipc.Server$Handler$1.run(Server.java:2049)
            at org.apache.hadoop.ipc.Server$Handler$1.run(Server.java:2045)
            at java.security.AccessController.doPrivileged(Native Method)
            at javax.security.auth.Subject.doAs(Subject.java:422)
            at org.apache.hadoop.security.UserGroupInformation.doAs(UserGroupInformation.java:1698)
            at org.apache.hadoop.ipc.Server$Handler.run(Server.java:2043)

            at org.apache.hadoop.ipc.Client.call(Client.java:1475)
            at org.apache.hadoop.ipc.Client.call(Client.java:1412)
            at org.apache.hadoop.ipc.ProtobufRpcEngine$Invoker.invoke(ProtobufRpcEngine.java:229)
            at com.sun.proxy.$Proxy13.create(Unknown Source)
            at
            org.apache.hadoop.hdfs.protocolPB.ClientNamenodeProtocolTranslatorPB.create(ClientNamenodeProtocolTranslatorPB.java:296)
            at sun.reflect.NativeMethodAccessorImpl.invoke0(Native Method)
            at sun.reflect.NativeMethodAccessorImpl.invoke(NativeMethodAccessorImpl.java:62)
            at sun.reflect.DelegatingMethodAccessorImpl.invoke(DelegatingMethodAccessorImpl.java:43)
            at java.lang.reflect.Method.invoke(Method.java:498)
            at org.apache.hadoop.io.retry.RetryInvocationHandler.invokeMethod(RetryInvocationHandler.java:191)
            at org.apache.hadoop.io.retry.RetryInvocationHandler.invoke(RetryInvocationHandler.java:102)
            at com.sun.proxy.$Proxy14.create(Unknown Source)
            at org.apache.hadoop.hdfs.DFSOutputStream.newStreamForCreate(DFSOutputStream.java:1648)
            ... 41 more
        </error>
        <system-err>log4j:WARN No appenders could be found for logger
            (org.apache.hadoop.metrics2.lib.MutableMetricsFactory).
            log4j:WARN Please initialize the log4j system properly.
            log4j:WARN See http://logging.apache.org/log4j/1.2/faq.html#noconfig for more info.
        </system-err>
    </testcase>
    <testcase classname="Test" name="testSave" time="0.086">
        <error message="File does not exist: /user/centos/hadoop/1.txt
	at org.apache.hadoop.hdfs.server.namenode.INodeFile.valueOf(INodeFile.java:71)
	at org.apache.hadoop.hdfs.server.namenode.INodeFile.valueOf(INodeFile.java:61)
	at org.apache.hadoop.hdfs.server.namenode.FSNamesystem.getBlockLocationsInt(FSNamesystem.java:1828)
	at org.apache.hadoop.hdfs.server.namenode.FSNamesystem.getBlockLocations(FSNamesystem.java:1799)
	at org.apache.hadoop.hdfs.server.namenode.FSNamesystem.getBlockLocations(FSNamesystem.java:1712)
	at org.apache.hadoop.hdfs.server.namenode.NameNodeRpcServer.getBlockLocations(NameNodeRpcServer.java:588)
	at org.apache.hadoop.hdfs.protocolPB.ClientNamenodeProtocolServerSideTranslatorPB.getBlockLocations(ClientNamenodeProtocolServerSideTranslatorPB.java:365)
	at org.apache.hadoop.hdfs.protocol.proto.ClientNamenodeProtocolProtos$ClientNamenodeProtocol$2.callBlockingMethod(ClientNamenodeProtocolProtos.java)
	at org.apache.hadoop.ipc.ProtobufRpcEngine$Server$ProtoBufRpcInvoker.call(ProtobufRpcEngine.java:616)
	at org.apache.hadoop.ipc.RPC$Server.call(RPC.java:982)
	at org.apache.hadoop.ipc.Server$Handler$1.run(Server.java:2049)
	at org.apache.hadoop.ipc.Server$Handler$1.run(Server.java:2045)
	at java.security.AccessController.doPrivileged(Native Method)
	at javax.security.auth.Subject.doAs(Subject.java:422)
	at org.apache.hadoop.security.UserGroupInformation.doAs(UserGroupInformation.java:1698)
	at org.apache.hadoop.ipc.Server$Handler.run(Server.java:2043)
" type="java.io.FileNotFoundException">java.io.FileNotFoundException: File does not exist: /user/centos/hadoop/1.txt
            at org.apache.hadoop.hdfs.server.namenode.INodeFile.valueOf(INodeFile.java:71)
            at org.apache.hadoop.hdfs.server.namenode.INodeFile.valueOf(INodeFile.java:61)
            at org.apache.hadoop.hdfs.server.namenode.FSNamesystem.getBlockLocationsInt(FSNamesystem.java:1828)
            at org.apache.hadoop.hdfs.server.namenode.FSNamesystem.getBlockLocations(FSNamesystem.java:1799)
            at org.apache.hadoop.hdfs.server.namenode.FSNamesystem.getBlockLocations(FSNamesystem.java:1712)
            at org.apache.hadoop.hdfs.server.namenode.NameNodeRpcServer.getBlockLocations(NameNodeRpcServer.java:588)
            at
            org.apache.hadoop.hdfs.protocolPB.ClientNamenodeProtocolServerSideTranslatorPB.getBlockLocations(ClientNamenodeProtocolServerSideTranslatorPB.java:365)
            at
            org.apache.hadoop.hdfs.protocol.proto.ClientNamenodeProtocolProtos$ClientNamenodeProtocol$2.callBlockingMethod(ClientNamenodeProtocolProtos.java)
            at org.apache.hadoop.ipc.ProtobufRpcEngine$Server$ProtoBufRpcInvoker.call(ProtobufRpcEngine.java:616)
            at org.apache.hadoop.ipc.RPC$Server.call(RPC.java:982)
            at org.apache.hadoop.ipc.Server$Handler$1.run(Server.java:2049)
            at org.apache.hadoop.ipc.Server$Handler$1.run(Server.java:2045)
            at java.security.AccessController.doPrivileged(Native Method)
            at javax.security.auth.Subject.doAs(Subject.java:422)
            at org.apache.hadoop.security.UserGroupInformation.doAs(UserGroupInformation.java:1698)
            at org.apache.hadoop.ipc.Server$Handler.run(Server.java:2043)

            at sun.reflect.NativeConstructorAccessorImpl.newInstance0(Native Method)
            at sun.reflect.NativeConstructorAccessorImpl.newInstance(NativeConstructorAccessorImpl.java:62)
            at sun.reflect.DelegatingConstructorAccessorImpl.newInstance(DelegatingConstructorAccessorImpl.java:45)
            at java.lang.reflect.Constructor.newInstance(Constructor.java:423)
            at org.apache.hadoop.ipc.RemoteException.instantiateException(RemoteException.java:106)
            at org.apache.hadoop.ipc.RemoteException.unwrapRemoteException(RemoteException.java:73)
            at org.apache.hadoop.hdfs.DFSClient.callGetBlockLocations(DFSClient.java:1228)
            at org.apache.hadoop.hdfs.DFSClient.getLocatedBlocks(DFSClient.java:1213)
            at org.apache.hadoop.hdfs.DFSClient.getLocatedBlocks(DFSClient.java:1201)
            at org.apache.hadoop.hdfs.DFSInputStream.fetchLocatedBlocksAndGetLastBlockLength(DFSInputStream.java:306)
            at org.apache.hadoop.hdfs.DFSInputStream.openInfo(DFSInputStream.java:272)
            at org.apache.hadoop.hdfs.DFSInputStream.&lt;init&gt;(DFSInputStream.java:264)
            at org.apache.hadoop.hdfs.DFSClient.open(DFSClient.java:1526)
            at org.apache.hadoop.hdfs.DistributedFileSystem$3.doCall(DistributedFileSystem.java:304)
            at org.apache.hadoop.hdfs.DistributedFileSystem$3.doCall(DistributedFileSystem.java:299)
            at org.apache.hadoop.fs.FileSystemLinkResolver.resolve(FileSystemLinkResolver.java:81)
            at org.apache.hadoop.hdfs.DistributedFileSystem.open(DistributedFileSystem.java:312)
            at org.apache.hadoop.fs.FileSystem.open(FileSystem.java:769)
            at Test.testSave(Test.java:21)
            at sun.reflect.NativeMethodAccessorImpl.invoke0(Native Method)
            at sun.reflect.NativeMethodAccessorImpl.invoke(NativeMethodAccessorImpl.java:62)
            at sun.reflect.DelegatingMethodAccessorImpl.invoke(DelegatingMethodAccessorImpl.java:43)
            at java.lang.reflect.Method.invoke(Method.java:498)
            at org.junit.runners.model.FrameworkMethod$1.runReflectiveCall(FrameworkMethod.java:50)
            at org.junit.internal.runners.model.ReflectiveCallable.run(ReflectiveCallable.java:12)
            at org.junit.runners.model.FrameworkMethod.invokeExplosively(FrameworkMethod.java:47)
            at org.junit.internal.runners.statements.InvokeMethod.evaluate(InvokeMethod.java:17)
            at org.junit.runners.ParentRunner.runLeaf(ParentRunner.java:325)
            at org.junit.runners.BlockJUnit4ClassRunner.runChild(BlockJUnit4ClassRunner.java:78)
            at org.junit.runners.BlockJUnit4ClassRunner.runChild(BlockJUnit4ClassRunner.java:57)
            at org.junit.runners.ParentRunner$3.run(ParentRunner.java:290)
            at org.junit.runners.ParentRunner$1.schedule(ParentRunner.java:71)
            at org.junit.runners.ParentRunner.runChildren(ParentRunner.java:288)
            at org.junit.runners.ParentRunner.access$000(ParentRunner.java:58)
            at org.junit.runners.ParentRunner$2.evaluate(ParentRunner.java:268)
            at org.junit.runners.ParentRunner.run(ParentRunner.java:363)
            at org.apache.maven.surefire.junit4.JUnit4Provider.execute(JUnit4Provider.java:252)
            at org.apache.maven.surefire.junit4.JUnit4Provider.executeTestSet(JUnit4Provider.java:141)
            at org.apache.maven.surefire.junit4.JUnit4Provider.invoke(JUnit4Provider.java:112)
            at sun.reflect.NativeMethodAccessorImpl.invoke0(Native Method)
            at sun.reflect.NativeMethodAccessorImpl.invoke(NativeMethodAccessorImpl.java:62)
            at sun.reflect.DelegatingMethodAccessorImpl.invoke(DelegatingMethodAccessorImpl.java:43)
            at java.lang.reflect.Method.invoke(Method.java:498)
            at org.apache.maven.surefire.util.ReflectionUtils.invokeMethodWithArray(ReflectionUtils.java:189)
            at org.apache.maven.surefire.booter.ProviderFactory$ProviderProxy.invoke(ProviderFactory.java:165)
            at org.apache.maven.surefire.booter.ProviderFactory.invokeProvider(ProviderFactory.java:85)
            at org.apache.maven.surefire.booter.ForkedBooter.runSuitesInProcess(ForkedBooter.java:115)
            at org.apache.maven.surefire.booter.ForkedBooter.main(ForkedBooter.java:75)
            Caused by: org.apache.hadoop.ipc.RemoteException(java.io.FileNotFoundException): File does not exist:
            /user/centos/hadoop/1.txt
            at org.apache.hadoop.hdfs.server.namenode.INodeFile.valueOf(INodeFile.java:71)
            at org.apache.hadoop.hdfs.server.namenode.INodeFile.valueOf(INodeFile.java:61)
            at org.apache.hadoop.hdfs.server.namenode.FSNamesystem.getBlockLocationsInt(FSNamesystem.java:1828)
            at org.apache.hadoop.hdfs.server.namenode.FSNamesystem.getBlockLocations(FSNamesystem.java:1799)
            at org.apache.hadoop.hdfs.server.namenode.FSNamesystem.getBlockLocations(FSNamesystem.java:1712)
            at org.apache.hadoop.hdfs.server.namenode.NameNodeRpcServer.getBlockLocations(NameNodeRpcServer.java:588)
            at
            org.apache.hadoop.hdfs.protocolPB.ClientNamenodeProtocolServerSideTranslatorPB.getBlockLocations(ClientNamenodeProtocolServerSideTranslatorPB.java:365)
            at
            org.apache.hadoop.hdfs.protocol.proto.ClientNamenodeProtocolProtos$ClientNamenodeProtocol$2.callBlockingMethod(ClientNamenodeProtocolProtos.java)
            at org.apache.hadoop.ipc.ProtobufRpcEngine$Server$ProtoBufRpcInvoker.call(ProtobufRpcEngine.java:616)
            at org.apache.hadoop.ipc.RPC$Server.call(RPC.java:982)
            at org.apache.hadoop.ipc.Server$Handler$1.run(Server.java:2049)
            at org.apache.hadoop.ipc.Server$Handler$1.run(Server.java:2045)
            at java.security.AccessController.doPrivileged(Native Method)
            at javax.security.auth.Subject.doAs(Subject.java:422)
            at org.apache.hadoop.security.UserGroupInformation.doAs(UserGroupInformation.java:1698)
            at org.apache.hadoop.ipc.Server$Handler.run(Server.java:2043)

            at org.apache.hadoop.ipc.Client.call(Client.java:1475)
            at org.apache.hadoop.ipc.Client.call(Client.java:1412)
            at org.apache.hadoop.ipc.ProtobufRpcEngine$Invoker.invoke(ProtobufRpcEngine.java:229)
            at com.sun.proxy.$Proxy13.getBlockLocations(Unknown Source)
            at
            org.apache.hadoop.hdfs.protocolPB.ClientNamenodeProtocolTranslatorPB.getBlockLocations(ClientNamenodeProtocolTranslatorPB.java:255)
            at sun.reflect.NativeMethodAccessorImpl.invoke0(Native Method)
            at sun.reflect.NativeMethodAccessorImpl.invoke(NativeMethodAccessorImpl.java:62)
            at sun.reflect.DelegatingMethodAccessorImpl.invoke(DelegatingMethodAccessorImpl.java:43)
            at java.lang.reflect.Method.invoke(Method.java:498)
            at org.apache.hadoop.io.retry.RetryInvocationHandler.invokeMethod(RetryInvocationHandler.java:191)
            at org.apache.hadoop.io.retry.RetryInvocationHandler.invoke(RetryInvocationHandler.java:102)
            at com.sun.proxy.$Proxy14.getBlockLocations(Unknown Source)
            at org.apache.hadoop.hdfs.DFSClient.callGetBlockLocations(DFSClient.java:1226)
            ... 41 more
        </error>
    </testcase>
    <testcase classname="Test" name="testAppend" time="0.037">
        <error message="failed to append to non-existent file /user/centos/hadoop/1.txt for client 192.168.23.1
	at org.apache.hadoop.hdfs.server.namenode.FSNamesystem.appendFileInternal(FSNamesystem.java:2671)
	at org.apache.hadoop.hdfs.server.namenode.FSNamesystem.appendFileInt(FSNamesystem.java:2982)
	at org.apache.hadoop.hdfs.server.namenode.FSNamesystem.appendFile(FSNamesystem.java:2950)
	at org.apache.hadoop.hdfs.server.namenode.NameNodeRpcServer.append(NameNodeRpcServer.java:655)
	at org.apache.hadoop.hdfs.protocolPB.ClientNamenodeProtocolServerSideTranslatorPB.append(ClientNamenodeProtocolServerSideTranslatorPB.java:421)
	at org.apache.hadoop.hdfs.protocol.proto.ClientNamenodeProtocolProtos$ClientNamenodeProtocol$2.callBlockingMethod(ClientNamenodeProtocolProtos.java)
	at org.apache.hadoop.ipc.ProtobufRpcEngine$Server$ProtoBufRpcInvoker.call(ProtobufRpcEngine.java:616)
	at org.apache.hadoop.ipc.RPC$Server.call(RPC.java:982)
	at org.apache.hadoop.ipc.Server$Handler$1.run(Server.java:2049)
	at org.apache.hadoop.ipc.Server$Handler$1.run(Server.java:2045)
	at java.security.AccessController.doPrivileged(Native Method)
	at javax.security.auth.Subject.doAs(Subject.java:422)
	at org.apache.hadoop.security.UserGroupInformation.doAs(UserGroupInformation.java:1698)
	at org.apache.hadoop.ipc.Server$Handler.run(Server.java:2043)
" type="java.io.FileNotFoundException">java.io.FileNotFoundException: failed to append to non-existent file
            /user/centos/hadoop/1.txt for client 192.168.23.1
            at org.apache.hadoop.hdfs.server.namenode.FSNamesystem.appendFileInternal(FSNamesystem.java:2671)
            at org.apache.hadoop.hdfs.server.namenode.FSNamesystem.appendFileInt(FSNamesystem.java:2982)
            at org.apache.hadoop.hdfs.server.namenode.FSNamesystem.appendFile(FSNamesystem.java:2950)
            at org.apache.hadoop.hdfs.server.namenode.NameNodeRpcServer.append(NameNodeRpcServer.java:655)
            at
            org.apache.hadoop.hdfs.protocolPB.ClientNamenodeProtocolServerSideTranslatorPB.append(ClientNamenodeProtocolServerSideTranslatorPB.java:421)
            at
            org.apache.hadoop.hdfs.protocol.proto.ClientNamenodeProtocolProtos$ClientNamenodeProtocol$2.callBlockingMethod(ClientNamenodeProtocolProtos.java)
            at org.apache.hadoop.ipc.ProtobufRpcEngine$Server$ProtoBufRpcInvoker.call(ProtobufRpcEngine.java:616)
            at org.apache.hadoop.ipc.RPC$Server.call(RPC.java:982)
            at org.apache.hadoop.ipc.Server$Handler$1.run(Server.java:2049)
            at org.apache.hadoop.ipc.Server$Handler$1.run(Server.java:2045)
            at java.security.AccessController.doPrivileged(Native Method)
            at javax.security.auth.Subject.doAs(Subject.java:422)
            at org.apache.hadoop.security.UserGroupInformation.doAs(UserGroupInformation.java:1698)
            at org.apache.hadoop.ipc.Server$Handler.run(Server.java:2043)

            at sun.reflect.NativeConstructorAccessorImpl.newInstance0(Native Method)
            at sun.reflect.NativeConstructorAccessorImpl.newInstance(NativeConstructorAccessorImpl.java:62)
            at sun.reflect.DelegatingConstructorAccessorImpl.newInstance(DelegatingConstructorAccessorImpl.java:45)
            at java.lang.reflect.Constructor.newInstance(Constructor.java:423)
            at org.apache.hadoop.ipc.RemoteException.instantiateException(RemoteException.java:106)
            at org.apache.hadoop.ipc.RemoteException.unwrapRemoteException(RemoteException.java:73)
            at org.apache.hadoop.hdfs.DFSClient.callAppend(DFSClient.java:1821)
            at org.apache.hadoop.hdfs.DFSClient.append(DFSClient.java:1877)
            at org.apache.hadoop.hdfs.DFSClient.append(DFSClient.java:1847)
            at org.apache.hadoop.hdfs.DistributedFileSystem$4.doCall(DistributedFileSystem.java:340)
            at org.apache.hadoop.hdfs.DistributedFileSystem$4.doCall(DistributedFileSystem.java:336)
            at org.apache.hadoop.fs.FileSystemLinkResolver.resolve(FileSystemLinkResolver.java:81)
            at org.apache.hadoop.hdfs.DistributedFileSystem.append(DistributedFileSystem.java:348)
            at org.apache.hadoop.hdfs.DistributedFileSystem.append(DistributedFileSystem.java:318)
            at org.apache.hadoop.fs.FileSystem.append(FileSystem.java:1166)
            at Test.testAppend(Test.java:61)
            at sun.reflect.NativeMethodAccessorImpl.invoke0(Native Method)
            at sun.reflect.NativeMethodAccessorImpl.invoke(NativeMethodAccessorImpl.java:62)
            at sun.reflect.DelegatingMethodAccessorImpl.invoke(DelegatingMethodAccessorImpl.java:43)
            at java.lang.reflect.Method.invoke(Method.java:498)
            at org.junit.runners.model.FrameworkMethod$1.runReflectiveCall(FrameworkMethod.java:50)
            at org.junit.internal.runners.model.ReflectiveCallable.run(ReflectiveCallable.java:12)
            at org.junit.runners.model.FrameworkMethod.invokeExplosively(FrameworkMethod.java:47)
            at org.junit.internal.runners.statements.InvokeMethod.evaluate(InvokeMethod.java:17)
            at org.junit.runners.ParentRunner.runLeaf(ParentRunner.java:325)
            at org.junit.runners.BlockJUnit4ClassRunner.runChild(BlockJUnit4ClassRunner.java:78)
            at org.junit.runners.BlockJUnit4ClassRunner.runChild(BlockJUnit4ClassRunner.java:57)
            at org.junit.runners.ParentRunner$3.run(ParentRunner.java:290)
            at org.junit.runners.ParentRunner$1.schedule(ParentRunner.java:71)
            at org.junit.runners.ParentRunner.runChildren(ParentRunner.java:288)
            at org.junit.runners.ParentRunner.access$000(ParentRunner.java:58)
            at org.junit.runners.ParentRunner$2.evaluate(ParentRunner.java:268)
            at org.junit.runners.ParentRunner.run(ParentRunner.java:363)
            at org.apache.maven.surefire.junit4.JUnit4Provider.execute(JUnit4Provider.java:252)
            at org.apache.maven.surefire.junit4.JUnit4Provider.executeTestSet(JUnit4Provider.java:141)
            at org.apache.maven.surefire.junit4.JUnit4Provider.invoke(JUnit4Provider.java:112)
            at sun.reflect.NativeMethodAccessorImpl.invoke0(Native Method)
            at sun.reflect.NativeMethodAccessorImpl.invoke(NativeMethodAccessorImpl.java:62)
            at sun.reflect.DelegatingMethodAccessorImpl.invoke(DelegatingMethodAccessorImpl.java:43)
            at java.lang.reflect.Method.invoke(Method.java:498)
            at org.apache.maven.surefire.util.ReflectionUtils.invokeMethodWithArray(ReflectionUtils.java:189)
            at org.apache.maven.surefire.booter.ProviderFactory$ProviderProxy.invoke(ProviderFactory.java:165)
            at org.apache.maven.surefire.booter.ProviderFactory.invokeProvider(ProviderFactory.java:85)
            at org.apache.maven.surefire.booter.ForkedBooter.runSuitesInProcess(ForkedBooter.java:115)
            at org.apache.maven.surefire.booter.ForkedBooter.main(ForkedBooter.java:75)
            Caused by: org.apache.hadoop.ipc.RemoteException(java.io.FileNotFoundException): failed to append to
            non-existent file /user/centos/hadoop/1.txt for client 192.168.23.1
            at org.apache.hadoop.hdfs.server.namenode.FSNamesystem.appendFileInternal(FSNamesystem.java:2671)
            at org.apache.hadoop.hdfs.server.namenode.FSNamesystem.appendFileInt(FSNamesystem.java:2982)
            at org.apache.hadoop.hdfs.server.namenode.FSNamesystem.appendFile(FSNamesystem.java:2950)
            at org.apache.hadoop.hdfs.server.namenode.NameNodeRpcServer.append(NameNodeRpcServer.java:655)
            at
            org.apache.hadoop.hdfs.protocolPB.ClientNamenodeProtocolServerSideTranslatorPB.append(ClientNamenodeProtocolServerSideTranslatorPB.java:421)
            at
            org.apache.hadoop.hdfs.protocol.proto.ClientNamenodeProtocolProtos$ClientNamenodeProtocol$2.callBlockingMethod(ClientNamenodeProtocolProtos.java)
            at org.apache.hadoop.ipc.ProtobufRpcEngine$Server$ProtoBufRpcInvoker.call(ProtobufRpcEngine.java:616)
            at org.apache.hadoop.ipc.RPC$Server.call(RPC.java:982)
            at org.apache.hadoop.ipc.Server$Handler$1.run(Server.java:2049)
            at org.apache.hadoop.ipc.Server$Handler$1.run(Server.java:2045)
            at java.security.AccessController.doPrivileged(Native Method)
            at javax.security.auth.Subject.doAs(Subject.java:422)
            at org.apache.hadoop.security.UserGroupInformation.doAs(UserGroupInformation.java:1698)
            at org.apache.hadoop.ipc.Server$Handler.run(Server.java:2043)

            at org.apache.hadoop.ipc.Client.call(Client.java:1475)
            at org.apache.hadoop.ipc.Client.call(Client.java:1412)
            at org.apache.hadoop.ipc.ProtobufRpcEngine$Invoker.invoke(ProtobufRpcEngine.java:229)
            at com.sun.proxy.$Proxy13.append(Unknown Source)
            at
            org.apache.hadoop.hdfs.protocolPB.ClientNamenodeProtocolTranslatorPB.append(ClientNamenodeProtocolTranslatorPB.java:328)
            at sun.reflect.NativeMethodAccessorImpl.invoke0(Native Method)
            at sun.reflect.NativeMethodAccessorImpl.invoke(NativeMethodAccessorImpl.java:62)
            at sun.reflect.DelegatingMethodAccessorImpl.invoke(DelegatingMethodAccessorImpl.java:43)
            at java.lang.reflect.Method.invoke(Method.java:498)
            at org.apache.hadoop.io.retry.RetryInvocationHandler.invokeMethod(RetryInvocationHandler.java:191)
            at org.apache.hadoop.io.retry.RetryInvocationHandler.invoke(RetryInvocationHandler.java:102)
            at com.sun.proxy.$Proxy14.append(Unknown Source)
            at org.apache.hadoop.hdfs.DFSClient.callAppend(DFSClient.java:1808)
            ... 38 more
        </error>
    </testcase>
    <testcase classname="Test" name="testWrite2" time="0.053">
        <error message="Permission denied: user=Administrator, access=WRITE, inode=&quot;/user/centos/hadoop/1.txt&quot;:centos:supergroup:drwxr-xr-x
	at org.apache.hadoop.hdfs.server.namenode.FSPermissionChecker.check(FSPermissionChecker.java:319)
	at org.apache.hadoop.hdfs.server.namenode.FSPermissionChecker.check(FSPermissionChecker.java:292)
	at org.apache.hadoop.hdfs.server.namenode.FSPermissionChecker.checkPermission(FSPermissionChecker.java:213)
	at org.apache.hadoop.hdfs.server.namenode.FSPermissionChecker.checkPermission(FSPermissionChecker.java:190)
	at org.apache.hadoop.hdfs.server.namenode.FSDirectory.checkPermission(FSDirectory.java:1728)
	at org.apache.hadoop.hdfs.server.namenode.FSDirectory.checkPermission(FSDirectory.java:1712)
	at org.apache.hadoop.hdfs.server.namenode.FSDirectory.checkAncestorAccess(FSDirectory.java:1695)
	at org.apache.hadoop.hdfs.server.namenode.FSNamesystem.startFileInternal(FSNamesystem.java:2515)
	at org.apache.hadoop.hdfs.server.namenode.FSNamesystem.startFileInt(FSNamesystem.java:2450)
	at org.apache.hadoop.hdfs.server.namenode.FSNamesystem.startFile(FSNamesystem.java:2334)
	at org.apache.hadoop.hdfs.server.namenode.NameNodeRpcServer.create(NameNodeRpcServer.java:624)
	at org.apache.hadoop.hdfs.protocolPB.ClientNamenodeProtocolServerSideTranslatorPB.create(ClientNamenodeProtocolServerSideTranslatorPB.java:397)
	at org.apache.hadoop.hdfs.protocol.proto.ClientNamenodeProtocolProtos$ClientNamenodeProtocol$2.callBlockingMethod(ClientNamenodeProtocolProtos.java)
	at org.apache.hadoop.ipc.ProtobufRpcEngine$Server$ProtoBufRpcInvoker.call(ProtobufRpcEngine.java:616)
	at org.apache.hadoop.ipc.RPC$Server.call(RPC.java:982)
	at org.apache.hadoop.ipc.Server$Handler$1.run(Server.java:2049)
	at org.apache.hadoop.ipc.Server$Handler$1.run(Server.java:2045)
	at java.security.AccessController.doPrivileged(Native Method)
	at javax.security.auth.Subject.doAs(Subject.java:422)
	at org.apache.hadoop.security.UserGroupInformation.doAs(UserGroupInformation.java:1698)
	at org.apache.hadoop.ipc.Server$Handler.run(Server.java:2043)
" type="org.apache.hadoop.security.AccessControlException">org.apache.hadoop.security.AccessControlException: Permission
            denied: user=Administrator, access=WRITE, inode=&quot;/user/centos/hadoop/1.txt&quot;:centos:supergroup:drwxr-xr-x
            at org.apache.hadoop.hdfs.server.namenode.FSPermissionChecker.check(FSPermissionChecker.java:319)
            at org.apache.hadoop.hdfs.server.namenode.FSPermissionChecker.check(FSPermissionChecker.java:292)
            at org.apache.hadoop.hdfs.server.namenode.FSPermissionChecker.checkPermission(FSPermissionChecker.java:213)
            at org.apache.hadoop.hdfs.server.namenode.FSPermissionChecker.checkPermission(FSPermissionChecker.java:190)
            at org.apache.hadoop.hdfs.server.namenode.FSDirectory.checkPermission(FSDirectory.java:1728)
            at org.apache.hadoop.hdfs.server.namenode.FSDirectory.checkPermission(FSDirectory.java:1712)
            at org.apache.hadoop.hdfs.server.namenode.FSDirectory.checkAncestorAccess(FSDirectory.java:1695)
            at org.apache.hadoop.hdfs.server.namenode.FSNamesystem.startFileInternal(FSNamesystem.java:2515)
            at org.apache.hadoop.hdfs.server.namenode.FSNamesystem.startFileInt(FSNamesystem.java:2450)
            at org.apache.hadoop.hdfs.server.namenode.FSNamesystem.startFile(FSNamesystem.java:2334)
            at org.apache.hadoop.hdfs.server.namenode.NameNodeRpcServer.create(NameNodeRpcServer.java:624)
            at
            org.apache.hadoop.hdfs.protocolPB.ClientNamenodeProtocolServerSideTranslatorPB.create(ClientNamenodeProtocolServerSideTranslatorPB.java:397)
            at
            org.apache.hadoop.hdfs.protocol.proto.ClientNamenodeProtocolProtos$ClientNamenodeProtocol$2.callBlockingMethod(ClientNamenodeProtocolProtos.java)
            at org.apache.hadoop.ipc.ProtobufRpcEngine$Server$ProtoBufRpcInvoker.call(ProtobufRpcEngine.java:616)
            at org.apache.hadoop.ipc.RPC$Server.call(RPC.java:982)
            at org.apache.hadoop.ipc.Server$Handler$1.run(Server.java:2049)
            at org.apache.hadoop.ipc.Server$Handler$1.run(Server.java:2045)
            at java.security.AccessController.doPrivileged(Native Method)
            at javax.security.auth.Subject.doAs(Subject.java:422)
            at org.apache.hadoop.security.UserGroupInformation.doAs(UserGroupInformation.java:1698)
            at org.apache.hadoop.ipc.Server$Handler.run(Server.java:2043)

            at sun.reflect.NativeConstructorAccessorImpl.newInstance0(Native Method)
            at sun.reflect.NativeConstructorAccessorImpl.newInstance(NativeConstructorAccessorImpl.java:62)
            at sun.reflect.DelegatingConstructorAccessorImpl.newInstance(DelegatingConstructorAccessorImpl.java:45)
            at java.lang.reflect.Constructor.newInstance(Constructor.java:423)
            at org.apache.hadoop.ipc.RemoteException.instantiateException(RemoteException.java:106)
            at org.apache.hadoop.ipc.RemoteException.unwrapRemoteException(RemoteException.java:73)
            at org.apache.hadoop.hdfs.DFSOutputStream.newStreamForCreate(DFSOutputStream.java:1653)
            at org.apache.hadoop.hdfs.DFSClient.create(DFSClient.java:1689)
            at org.apache.hadoop.hdfs.DFSClient.create(DFSClient.java:1624)
            at org.apache.hadoop.hdfs.DistributedFileSystem$7.doCall(DistributedFileSystem.java:448)
            at org.apache.hadoop.hdfs.DistributedFileSystem$7.doCall(DistributedFileSystem.java:444)
            at org.apache.hadoop.fs.FileSystemLinkResolver.resolve(FileSystemLinkResolver.java:81)
            at org.apache.hadoop.hdfs.DistributedFileSystem.create(DistributedFileSystem.java:459)
            at org.apache.hadoop.hdfs.DistributedFileSystem.create(DistributedFileSystem.java:387)
            at org.apache.hadoop.fs.FileSystem.create(FileSystem.java:911)
            at org.apache.hadoop.fs.FileSystem.create(FileSystem.java:892)
            at Test.testWrite2(Test.java:51)
            at sun.reflect.NativeMethodAccessorImpl.invoke0(Native Method)
            at sun.reflect.NativeMethodAccessorImpl.invoke(NativeMethodAccessorImpl.java:62)
            at sun.reflect.DelegatingMethodAccessorImpl.invoke(DelegatingMethodAccessorImpl.java:43)
            at java.lang.reflect.Method.invoke(Method.java:498)
            at org.junit.runners.model.FrameworkMethod$1.runReflectiveCall(FrameworkMethod.java:50)
            at org.junit.internal.runners.model.ReflectiveCallable.run(ReflectiveCallable.java:12)
            at org.junit.runners.model.FrameworkMethod.invokeExplosively(FrameworkMethod.java:47)
            at org.junit.internal.runners.statements.InvokeMethod.evaluate(InvokeMethod.java:17)
            at org.junit.runners.ParentRunner.runLeaf(ParentRunner.java:325)
            at org.junit.runners.BlockJUnit4ClassRunner.runChild(BlockJUnit4ClassRunner.java:78)
            at org.junit.runners.BlockJUnit4ClassRunner.runChild(BlockJUnit4ClassRunner.java:57)
            at org.junit.runners.ParentRunner$3.run(ParentRunner.java:290)
            at org.junit.runners.ParentRunner$1.schedule(ParentRunner.java:71)
            at org.junit.runners.ParentRunner.runChildren(ParentRunner.java:288)
            at org.junit.runners.ParentRunner.access$000(ParentRunner.java:58)
            at org.junit.runners.ParentRunner$2.evaluate(ParentRunner.java:268)
            at org.junit.runners.ParentRunner.run(ParentRunner.java:363)
            at org.apache.maven.surefire.junit4.JUnit4Provider.execute(JUnit4Provider.java:252)
            at org.apache.maven.surefire.junit4.JUnit4Provider.executeTestSet(JUnit4Provider.java:141)
            at org.apache.maven.surefire.junit4.JUnit4Provider.invoke(JUnit4Provider.java:112)
            at sun.reflect.NativeMethodAccessorImpl.invoke0(Native Method)
            at sun.reflect.NativeMethodAccessorImpl.invoke(NativeMethodAccessorImpl.java:62)
            at sun.reflect.DelegatingMethodAccessorImpl.invoke(DelegatingMethodAccessorImpl.java:43)
            at java.lang.reflect.Method.invoke(Method.java:498)
            at org.apache.maven.surefire.util.ReflectionUtils.invokeMethodWithArray(ReflectionUtils.java:189)
            at org.apache.maven.surefire.booter.ProviderFactory$ProviderProxy.invoke(ProviderFactory.java:165)
            at org.apache.maven.surefire.booter.ProviderFactory.invokeProvider(ProviderFactory.java:85)
            at org.apache.maven.surefire.booter.ForkedBooter.runSuitesInProcess(ForkedBooter.java:115)
            at org.apache.maven.surefire.booter.ForkedBooter.main(ForkedBooter.java:75)
            Caused by: org.apache.hadoop.ipc.RemoteException(org.apache.hadoop.security.AccessControlException):
            Permission denied: user=Administrator, access=WRITE, inode=&quot;/user/centos/hadoop/1.txt&quot;:centos:supergroup:drwxr-xr-x
            at org.apache.hadoop.hdfs.server.namenode.FSPermissionChecker.check(FSPermissionChecker.java:319)
            at org.apache.hadoop.hdfs.server.namenode.FSPermissionChecker.check(FSPermissionChecker.java:292)
            at org.apache.hadoop.hdfs.server.namenode.FSPermissionChecker.checkPermission(FSPermissionChecker.java:213)
            at org.apache.hadoop.hdfs.server.namenode.FSPermissionChecker.checkPermission(FSPermissionChecker.java:190)
            at org.apache.hadoop.hdfs.server.namenode.FSDirectory.checkPermission(FSDirectory.java:1728)
            at org.apache.hadoop.hdfs.server.namenode.FSDirectory.checkPermission(FSDirectory.java:1712)
            at org.apache.hadoop.hdfs.server.namenode.FSDirectory.checkAncestorAccess(FSDirectory.java:1695)
            at org.apache.hadoop.hdfs.server.namenode.FSNamesystem.startFileInternal(FSNamesystem.java:2515)
            at org.apache.hadoop.hdfs.server.namenode.FSNamesystem.startFileInt(FSNamesystem.java:2450)
            at org.apache.hadoop.hdfs.server.namenode.FSNamesystem.startFile(FSNamesystem.java:2334)
            at org.apache.hadoop.hdfs.server.namenode.NameNodeRpcServer.create(NameNodeRpcServer.java:624)
            at
            org.apache.hadoop.hdfs.protocolPB.ClientNamenodeProtocolServerSideTranslatorPB.create(ClientNamenodeProtocolServerSideTranslatorPB.java:397)
            at
            org.apache.hadoop.hdfs.protocol.proto.ClientNamenodeProtocolProtos$ClientNamenodeProtocol$2.callBlockingMethod(ClientNamenodeProtocolProtos.java)
            at org.apache.hadoop.ipc.ProtobufRpcEngine$Server$ProtoBufRpcInvoker.call(ProtobufRpcEngine.java:616)
            at org.apache.hadoop.ipc.RPC$Server.call(RPC.java:982)
            at org.apache.hadoop.ipc.Server$Handler$1.run(Server.java:2049)
            at org.apache.hadoop.ipc.Server$Handler$1.run(Server.java:2045)
            at java.security.AccessController.doPrivileged(Native Method)
            at javax.security.auth.Subject.doAs(Subject.java:422)
            at org.apache.hadoop.security.UserGroupInformation.doAs(UserGroupInformation.java:1698)
            at org.apache.hadoop.ipc.Server$Handler.run(Server.java:2043)

            at org.apache.hadoop.ipc.Client.call(Client.java:1475)
            at org.apache.hadoop.ipc.Client.call(Client.java:1412)
            at org.apache.hadoop.ipc.ProtobufRpcEngine$Invoker.invoke(ProtobufRpcEngine.java:229)
            at com.sun.proxy.$Proxy13.create(Unknown Source)
            at
            org.apache.hadoop.hdfs.protocolPB.ClientNamenodeProtocolTranslatorPB.create(ClientNamenodeProtocolTranslatorPB.java:296)
            at sun.reflect.NativeMethodAccessorImpl.invoke0(Native Method)
            at sun.reflect.NativeMethodAccessorImpl.invoke(NativeMethodAccessorImpl.java:62)
            at sun.reflect.DelegatingMethodAccessorImpl.invoke(DelegatingMethodAccessorImpl.java:43)
            at java.lang.reflect.Method.invoke(Method.java:498)
            at org.apache.hadoop.io.retry.RetryInvocationHandler.invokeMethod(RetryInvocationHandler.java:191)
            at org.apache.hadoop.io.retry.RetryInvocationHandler.invoke(RetryInvocationHandler.java:102)
            at com.sun.proxy.$Proxy14.create(Unknown Source)
            at org.apache.hadoop.hdfs.DFSOutputStream.newStreamForCreate(DFSOutputStream.java:1648)
            ... 39 more
        </error>
    </testcase>
</testsuite>